IQ-TREE multicore version 1.6.10 for Linux 64-bit built Feb 19 2019
Developed by Bui Quang Minh, Nguyen Lam Tung, Olga Chernomor,
Heiko Schmidt, Dominik Schrempf, Michael Woodhams.

Host:    proteomics-asus (AVX2, FMA3, 62 GB RAM)
Command: /media/secondary/apps/iqtree-1.6.10-Linux/bin/iqtree -s all_concat_species.aln -abayes -pre all_concat_species_sorted -nt 6 -alrt 1000 -o Caprella_sp
Seed:    739949 (Using SPRNG - Scalable Parallel Random Number Generator)
Time:    Wed Jun  3 23:52:20 2020
Kernel:  AVX+FMA - 6 threads (12 CPU cores detected)

Reading alignment file all_concat_species.aln ... Fasta format detected
Alignment most likely contains protein sequences
Alignment has 36 sequences with 151293 columns, 55355 distinct patterns
38042 parsimony-informative, 30239 singleton sites, 83012 constant sites
                              Gap/Ambiguity  Composition  p-value
   1  Acanthogammarus_godlewskii      1.72%    passed    100.00%
   2  Asprogammarus_rhodophthalmus    1.09%    passed     99.98%
   3  Boeckaxelia_carpenterii         0.93%    passed    100.00%
   4  Brandtia_latissima              3.82%    passed    100.00%
   5  Caprella_sp                    11.42%    failed      0.00%
   6  Carinurus_bicarinatus           1.26%    passed    100.00%
   7  Dorogostaiskia_parasitica       2.92%    passed    100.00%
   8  Echinogammarus_berilloni        2.55%    passed     98.16%
   9  Echiuropus_macronychus          4.08%    passed     99.82%
  10  Eulimnogammarus_cyaneus         0.66%    passed     99.99%
  11  Gammarus_chevreuxi              1.16%    passed     90.74%
  12  Gammarus_fossarum               1.14%    passed    100.00%
  13  Gammarus_lacustris              2.74%    passed     99.77%
  14  Gammarus_minus                  1.41%    passed     99.82%
  15  Gammarus_pisinnus               2.65%    passed     99.86%
  16  Gammarus_pulex                  1.97%    passed    100.00%
  17  Gammarus_wautieri               1.33%    passed    100.00%
  18  Gmelinoides_fasciatus           0.89%    passed    100.00%
  19  Heterogammarus_sophianosii      0.70%    passed    100.00%
  20  Hirondellea_gigas               2.89%    failed      0.00%
  21  Homalogammarus_brandtii         2.19%    passed    100.00%
  22  Hyalellopsis_costata            1.88%    passed    100.00%
  23  Linevichella_vortex             0.68%    passed     99.99%
  24  Macropereiopus_parvus           1.08%    passed    100.00%
  25  Marinogammarus_marinus          1.89%    passed     99.47%
  26  Micruropus_wahlii               0.63%    passed    100.00%
  27  Odontogammarus_calcaratus       1.22%    passed    100.00%
  28  Ommatogammarus_albinus          0.74%    passed    100.00%
  29  Oxyacanthus_curtus              2.65%    passed    100.00%
  30  Pachyschesis_branchialis        0.66%    passed    100.00%
  31  Palicarinus_puzyllii            0.66%    passed    100.00%
  32  Pallasea_cancelloides           4.47%    passed    100.00%
  33  Parapallasea_wosnessenskii      0.72%    passed    100.00%
  34  Parhyale_hawaiensis             4.50%    failed      0.53%
  35  Poekilogammarus_pictoides       1.14%    passed    100.00%
  36  Talitrus_saltator               3.24%    failed      0.31%
****  TOTAL                           2.10%  4 sequences failed composition chi2 test (p-value<5%; df=19)
NOTE: minimal branch length is reduced to 0.000000660969 for long alignment


Create initial parsimony tree by phylogenetic likelihood library (PLL)... 1.173 seconds
NOTE: ModelFinder requires 3079 MB RAM!
ModelFinder will test 546 protein models (sample size: 151293) ...
 No. Model         -LnL         df  AIC          AICc         BIC
  1  Dayhoff       1602922.830  69  3205983.660  3205983.724  3206668.621
  2  Dayhoff+I     1540978.984  70  3082097.968  3082098.034  3082792.856
  3  Dayhoff+G4    1520627.521  70  3041395.042  3041395.108  3042089.930
  4  Dayhoff+I+G4  1518633.146  71  3037408.292  3037408.360  3038113.107
  5  Dayhoff+R2    1524329.683  71  3048801.365  3048801.433  3049506.180
  6  Dayhoff+R3    1515509.399  73  3031164.798  3031164.869  3031889.467
  7  Dayhoff+R4    1514130.091  75  3028410.182  3028410.257  3029154.705
  8  Dayhoff+R5    1514112.535  77  3028379.070  3028379.149  3029143.447
  9  Dayhoff+R6    1513963.945  79  3028085.890  3028085.973  3028870.121
 10  Dayhoff+R7    1513951.561  81  3028065.121  3028065.209  3028869.206
 11  Dayhoff+R8    1513910.859  83  3027987.717  3027987.809  3028811.656
 12  Dayhoff+R9    1513910.466  85  3027990.933  3027991.030  3028834.726
 14  Dayhoff+F     1599741.305  88  3199658.610  3199658.714  3200532.184
 15  Dayhoff+F+I   1536703.473  89  3073584.946  3073585.052  3074468.447
 16  Dayhoff+F+G4  1516059.354  89  3032296.709  3032296.815  3033180.209
 17  Dayhoff+F+I+G4 1514037.963  90  3028255.925  3028256.034  3029149.353
 18  Dayhoff+F+R2  1519727.748  90  3039635.496  3039635.604  3040528.924
 19  Dayhoff+F+R3  1510874.258  92  3021932.516  3021932.630  3022845.798
 20  Dayhoff+F+R4  1509481.492  94  3019150.983  3019151.101  3020084.119
 21  Dayhoff+F+R5  1509366.015  96  3018924.029  3018924.152  3019877.019
 22  Dayhoff+F+R6  1509268.324  98  3018732.649  3018732.777  3019705.492
 23  Dayhoff+F+R7  1509263.630  100 3018727.260  3018727.393  3019719.957
 27  mtMAM         1740466.713  69  3481071.426  3481071.490  3481756.387
 28  mtMAM+I       1656181.938  70  3312503.877  3312503.942  3313198.765
 29  mtMAM+G4      1604993.844  70  3210127.687  3210127.753  3210822.575
 30  mtMAM+I+G4    1602321.132  71  3204784.264  3204784.332  3205489.079
 31  mtMAM+R2      1615142.149  71  3230426.298  3230426.366  3231131.113
 32  mtMAM+R3      1600039.716  73  3200225.432  3200225.504  3200950.101
 33  mtMAM+R4      1596566.814  75  3193283.628  3193283.703  3194028.151
 34  mtMAM+R5      1595676.990  77  3191507.980  3191508.059  3192272.357
 35  mtMAM+R6      1595646.112  79  3191450.224  3191450.308  3192234.455
 36  mtMAM+R7      1595485.633  81  3191133.266  3191133.354  3191937.351
 37  mtMAM+R8      1595453.197  83  3191072.394  3191072.486  3191896.333
 38  mtMAM+R9      1595443.194  85  3191056.387  3191056.484  3191900.180
 40  mtMAM+F       1662349.444  88  3324874.889  3324874.992  3325748.462
 41  mtMAM+F+I     1581891.461  89  3163960.921  3163961.027  3164844.422
 42  mtMAM+F+G4    1544652.881  89  3089483.762  3089483.868  3090367.263
 43  mtMAM+F+I+G4  1541884.544  90  3083949.087  3083949.195  3084842.515
 44  mtMAM+F+R2    1552372.965  90  3104925.930  3104926.038  3105819.357
 45  mtMAM+F+R3    1538835.684  92  3077855.369  3077855.482  3078768.650
 46  mtMAM+F+R4    1536045.185  94  3072278.370  3072278.489  3073211.506
 47  mtMAM+F+R5    1535371.965  96  3070935.930  3070936.053  3071888.920
 48  mtMAM+F+R6    1535369.411  98  3070934.823  3070934.951  3071907.666
 53  JTT           1586181.747  69  3172501.493  3172501.557  3173186.454
 54  JTT+I         1524408.200  70  3048956.400  3048956.466  3049651.288
 55  JTT+G4        1505739.595  70  3011619.191  3011619.257  3012314.079
 56  JTT+I+G4      1503893.117  71  3007928.233  3007928.301  3008633.048
 57  JTT+R2        1508608.025  71  3017358.051  3017358.118  3018062.866
 58  JTT+R3        1501093.881  73  3002333.762  3002333.833  3003058.431
 59  JTT+R4        1500105.679  75  3000361.358  3000361.434  3001105.881
 60  JTT+R5        1499965.139  77  3000084.279  3000084.358  3000848.656
 61  JTT+R6        1499965.027  79  3000088.054  3000088.137  3000872.285
 66  JTT+F         1585697.013  88  3171570.026  3171570.129  3172443.600
 67  JTT+F+I       1523540.356  89  3047258.711  3047258.817  3048142.212
 68  JTT+F+G4      1504864.601  89  3009907.201  3009907.307  3010790.702
 69  JTT+F+I+G4    1503001.569  90  3006183.137  3006183.246  3007076.565
 70  JTT+F+R2      1507758.532  90  3015697.063  3015697.171  3016590.491
 71  JTT+F+R3      1500193.358  92  3000570.716  3000570.829  3001483.997
 72  JTT+F+R4      1499198.605  94  2998585.209  2998585.327  2999518.345
 73  JTT+F+R5      1499058.059  96  2998308.118  2998308.241  2999261.107
 74  JTT+F+R6      1499057.884  98  2998311.768  2998311.897  2999284.612
 79  WAG           1591730.267  69  3183598.533  3183598.597  3184283.494
 80  WAG+I         1531496.417  70  3063132.833  3063132.899  3063827.721
 81  WAG+G4        1513640.117  70  3027420.235  3027420.300  3028115.123
 82  WAG+I+G4      1511810.185  71  3023762.370  3023762.438  3024467.185
 83  WAG+R2        1516427.997  71  3032997.994  3032998.061  3033702.809
 84  WAG+R3        1508846.367  73  3017838.734  3017838.806  3018563.403
 85  WAG+R4        1507846.154  75  3015842.308  3015842.384  3016586.832
 86  WAG+R5        1507734.859  77  3015623.718  3015623.797  3016388.095
 87  WAG+R6        1507734.062  79  3015626.124  3015626.208  3016410.355
 92  WAG+F         1591913.154  88  3184002.308  3184002.411  3184875.881
 93  WAG+F+I       1531209.113  89  3062596.227  3062596.333  3063479.728
 94  WAG+F+G4      1513106.239  89  3026390.478  3026390.584  3027273.979
 95  WAG+F+I+G4    1511259.789  90  3022699.577  3022699.685  3023593.005
 96  WAG+F+R2      1515933.075  90  3032046.150  3032046.259  3032939.578
 97  WAG+F+R3      1508268.403  92  3016720.807  3016720.920  3017634.089
 98  WAG+F+R4      1507251.469  94  3014690.938  3014691.056  3015624.074
 99  WAG+F+R5      1507138.174  96  3014468.347  3014468.471  3015421.337
100  WAG+F+R6      1507137.199  98  3014470.399  3014470.527  3015443.242
105  cpREV         1607681.031  69  3215500.062  3215500.126  3216185.023
106  cpREV+I       1544993.197  70  3090126.394  3090126.460  3090821.282
107  cpREV+G4      1524228.974  70  3048597.949  3048598.014  3049292.837
108  cpREV+I+G4    1522273.149  71  3044688.298  3044688.366  3045393.114
109  cpREV+R2      1527646.180  71  3055434.359  3055434.427  3056139.174
110  cpREV+R3      1519145.696  73  3038437.392  3038437.463  3039162.061
111  cpREV+R4      1517913.804  75  3035977.607  3035977.683  3036722.130
112  cpREV+R5      1517747.057  77  3035648.115  3035648.194  3036412.492
113  cpREV+R6      1517746.905  79  3035651.810  3035651.893  3036436.041
118  cpREV+F       1603000.181  88  3206176.363  3206176.467  3207049.937
119  cpREV+F+I     1540032.494  89  3080242.989  3080243.095  3081126.489
120  cpREV+F+G4    1518784.824  89  3037747.649  3037747.754  3038631.149
121  cpREV+F+I+G4  1516767.125  90  3033714.250  3033714.359  3034607.678
122  cpREV+F+R2    1522465.040  90  3045110.080  3045110.189  3046003.508
123  cpREV+F+R3    1513586.564  92  3027357.129  3027357.242  3028270.410
124  cpREV+F+R4    1512281.734  94  3024751.467  3024751.586  3025684.603
125  cpREV+F+R5    1512103.994  96  3024399.988  3024400.111  3025352.977
126  cpREV+F+R6    1512103.993  98  3024403.986  3024404.114  3025376.829
131  mtREV         1682573.451  69  3365284.902  3365284.966  3365969.863
132  mtREV+I       1614317.006  70  3228774.011  3228774.077  3229468.899
133  mtREV+G4      1583216.535  70  3166573.069  3166573.135  3167267.958
134  mtREV+I+G4    1581227.838  71  3162597.676  3162597.744  3163302.491
135  mtREV+R2      1588749.856  71  3177641.713  3177641.781  3178346.528
136  mtREV+R3      1578424.784  73  3156995.568  3156995.639  3157720.237
137  mtREV+R4      1576402.447  75  3152954.894  3152954.970  3153699.417
138  mtREV+R5      1575943.072  77  3152040.145  3152040.224  3152804.522
139  mtREV+R6      1575942.811  79  3152043.622  3152043.706  3152827.853
144  mtREV+F       1615912.388  88  3232000.777  3232000.881  3232874.351
145  mtREV+F+I     1550125.775  89  3100429.549  3100429.655  3101313.050
146  mtREV+F+G4    1524441.141  89  3049060.282  3049060.387  3049943.782
147  mtREV+F+I+G4  1522346.712  90  3044873.425  3044873.533  3045766.852
148  mtREV+F+R2    1529179.916  90  3058539.833  3058539.941  3059433.260
149  mtREV+F+R3    1519187.041  92  3038558.081  3038558.194  3039471.363
150  mtREV+F+R4    1517410.352  94  3035008.703  3035008.822  3035941.839
151  mtREV+F+R5    1517084.049  96  3034360.097  3034360.220  3035313.087
152  mtREV+F+R6    1517083.889  98  3034363.779  3034363.907  3035336.622
157  rtREV         1614605.765  69  3229349.530  3229349.594  3230034.491
158  rtREV+I       1551836.332  70  3103812.663  3103812.729  3104507.551
159  rtREV+G4      1531281.442  70  3062702.884  3062702.950  3063397.772
160  rtREV+I+G4    1529320.984  71  3058783.967  3058784.035  3059488.782
161  rtREV+R2      1534612.083  71  3069366.166  3069366.233  3070070.981
162  rtREV+R3      1526221.664  73  3052589.327  3052589.399  3053313.996
163  rtREV+R4      1525011.608  75  3050173.217  3050173.292  3050917.740
164  rtREV+R5      1524840.135  77  3049834.270  3049834.349  3050598.647
165  rtREV+R6      1524839.981  79  3049837.963  3049838.046  3050622.194
170  rtREV+F       1603919.174  88  3208014.349  3208014.452  3208887.922
171  rtREV+F+I     1541024.789  89  3082227.577  3082227.683  3083111.078
172  rtREV+F+G4    1520652.446  89  3041482.893  3041482.999  3042366.393
173  rtREV+F+I+G4  1518662.582  90  3037505.165  3037505.273  3038398.592
174  rtREV+F+R2    1523928.869  90  3048037.739  3048037.847  3048931.167
175  rtREV+F+R3    1515478.626  92  3031141.252  3031141.365  3032054.533
176  rtREV+F+R4    1514277.886  94  3028743.773  3028743.891  3029676.908
177  rtREV+F+R5    1514101.572  96  3028395.144  3028395.267  3029348.134
178  rtREV+F+R6    1514101.110  98  3028398.219  3028398.348  3029371.063
183  mtART         1732914.526  69  3465967.052  3465967.116  3466652.013
184  mtART+I       1649209.497  70  3298558.994  3298559.060  3299253.882
185  mtART+G4      1602079.486  70  3204298.972  3204299.038  3204993.860
186  mtART+I+G4    1599341.450  71  3198824.900  3198824.968  3199529.716
187  mtART+R2      1611173.961  71  3222489.922  3222489.989  3223194.737
188  mtART+R3      1596353.779  73  3192853.558  3192853.630  3193578.227
189  mtART+R4      1592869.729  75  3185889.458  3185889.533  3186633.981
190  mtART+R5      1591921.456  77  3183996.911  3183996.991  3184761.288
191  mtART+R6      1591920.757  79  3183999.514  3183999.597  3184783.745
196  mtART+F       1655972.664  88  3312121.328  3312121.432  3312994.902
197  mtART+F+I     1580764.712  89  3161707.423  3161707.529  3162590.924
198  mtART+F+G4    1544180.431  89  3088538.862  3088538.968  3089422.363
199  mtART+F+I+G4  1541498.347  90  3083176.695  3083176.803  3084070.122
200  mtART+F+R2    1551386.453  90  3102952.906  3102953.014  3103846.333
201  mtART+F+R3    1537622.810  92  3075429.621  3075429.734  3076342.902
202  mtART+F+R4    1534732.412  94  3069652.824  3069652.942  3070585.960
203  mtART+F+R5    1534032.766  96  3068257.533  3068257.656  3069210.522
204  mtART+F+R6    1534032.595  98  3068261.189  3068261.318  3069234.033
209  mtZOA         1681491.045  69  3363120.090  3363120.154  3363805.051
210  mtZOA+I       1608413.791  70  3216967.583  3216967.649  3217662.471
211  mtZOA+G4      1570369.993  70  3140879.986  3140880.051  3141574.874
212  mtZOA+I+G4    1568238.912  71  3136619.825  3136619.892  3137324.640
213  mtZOA+R2      1577082.722  71  3154307.444  3154307.511  3155012.259
214  mtZOA+R3      1565398.510  73  3130943.020  3130943.092  3131667.689
215  mtZOA+R4      1562999.094  75  3126148.188  3126148.264  3126892.711
216  mtZOA+R5      1562441.701  77  3125037.402  3125037.482  3125801.779
217  mtZOA+R6      1562441.602  79  3125041.204  3125041.288  3125825.435
222  mtZOA+F       1620982.217  88  3242140.434  3242140.538  3243014.008
223  mtZOA+F+I     1553360.918  89  3106899.837  3106899.943  3107783.338
224  mtZOA+F+G4    1524556.562  89  3049291.124  3049291.230  3050174.625
225  mtZOA+F+I+G4  1522339.707  90  3044859.415  3044859.523  3045752.843
226  mtZOA+F+R2    1529768.533  90  3059717.067  3059717.175  3060610.494
227  mtZOA+F+R3    1518777.684  92  3037739.368  3037739.481  3038652.649
228  mtZOA+F+R4    1516844.359  94  3033876.719  3033876.837  3034809.854
229  mtZOA+F+R5    1516434.648  96  3033061.295  3033061.418  3034014.284
230  mtZOA+F+R6    1516434.471  98  3033064.941  3033065.070  3034037.785
235  VT            1594123.608  69  3188385.215  3188385.279  3189070.177
236  VT+I          1534663.948  70  3069467.895  3069467.961  3070162.783
237  VT+G4         1517933.345  70  3036006.691  3036006.756  3036701.579
238  VT+I+G4       1516207.423  71  3032556.847  3032556.914  3033261.662
239  VT+R2         1520366.148  71  3040874.296  3040874.364  3041579.111
240  VT+R3         1513416.603  73  3026979.207  3026979.278  3027703.876
241  VT+R4         1512545.498  75  3025240.997  3025241.072  3025985.520
242  VT+R5         1512455.581  77  3025065.163  3025065.242  3025829.540
243  VT+R6         1512455.292  79  3025068.583  3025068.667  3025852.814
248  VT+F          1593797.999  88  3187771.998  3187772.101  3188645.572
249  VT+F+I        1534373.158  89  3068924.316  3068924.422  3069807.817
250  VT+F+G4       1517710.158  89  3035598.316  3035598.422  3036481.817
251  VT+F+I+G4     1515976.707  90  3032133.413  3032133.521  3033026.841
252  VT+F+R2       1520162.304  90  3040504.608  3040504.716  3041398.036
253  VT+F+R3       1513171.195  92  3026526.390  3026526.504  3027439.672
254  VT+F+R4       1512293.298  94  3024774.595  3024774.713  3025707.731
255  VT+F+R5       1512203.043  96  3024598.086  3024598.209  3025551.075
256  VT+F+R6       1512202.688  98  3024601.375  3024601.503  3025574.219
261  LG            1595991.964  69  3192121.928  3192121.992  3192806.889
262  LG+I          1532947.323  70  3066034.647  3066034.713  3066729.535
263  LG+G4         1512640.384  70  3025420.767  3025420.833  3026115.655
264  LG+I+G4       1510687.953  71  3021517.906  3021517.973  3022222.721
265  LG+R2         1515746.390  71  3031634.781  3031634.848  3032339.596
266  LG+R3         1507586.185  73  3015318.371  3015318.442  3016043.040
267  LG+R4         1506461.808  75  3013073.617  3013073.692  3013818.140
268  LG+R5         1506302.138  77  3012758.277  3012758.356  3013522.654
269  LG+R6         1506301.964  79  3012761.929  3012762.012  3013546.160
274  LG+F          1593731.983  88  3187639.965  3187640.069  3188513.539
275  LG+F+I        1531199.795  89  3062577.591  3062577.697  3063461.091
276  LG+F+G4       1511179.701  89  3022537.402  3022537.508  3023420.903
277  LG+F+I+G4     1509224.455  90  3018628.910  3018629.018  3019522.337
278  LG+F+R2       1514287.225  90  3028754.450  3028754.559  3029647.878
279  LG+F+R3       1506090.412  92  3012364.824  3012364.937  3013278.106
280  LG+F+R4       1504966.625  94  3010121.251  3010121.369  3011054.386
281  LG+F+R5       1504801.956  96  3009795.912  3009796.035  3010748.902
282  LG+F+R6       1504801.593  98  3009799.187  3009799.315  3010772.030
287  DCMut         1602997.931  69  3206133.862  3206133.926  3206818.823
288  DCMut+I       1541068.204  70  3082276.407  3082276.473  3082971.295
289  DCMut+G4      1520785.681  70  3041711.362  3041711.427  3042406.250
290  DCMut+I+G4    1518788.888  71  3037719.775  3037719.843  3038424.590
291  DCMut+R2      1524482.272  71  3049106.545  3049106.612  3049811.360
292  DCMut+R3      1515671.133  73  3031488.267  3031488.338  3032212.936
293  DCMut+R4      1514291.921  75  3028733.842  3028733.917  3029478.365
294  DCMut+R5      1514072.383  77  3028298.766  3028298.846  3029063.143
295  DCMut+R6      1514072.239  79  3028302.477  3028302.561  3029086.708
300  DCMut+F       1599787.500  88  3199751.001  3199751.104  3200624.574
301  DCMut+F+I     1536771.739  89  3073721.477  3073721.583  3074604.978
302  DCMut+F+G4    1516196.560  89  3032571.119  3032571.225  3033454.620
303  DCMut+F+I+G4  1514172.859  90  3028525.717  3028525.825  3029419.145
304  DCMut+F+R2    1519859.806  90  3039899.613  3039899.721  3040793.040
305  DCMut+F+R3    1511015.368  92  3022214.737  3022214.850  3023128.018
306  DCMut+F+R4    1509622.458  94  3019432.915  3019433.033  3020366.051
307  DCMut+F+R5    1509403.870  96  3018999.739  3018999.863  3019952.729
308  DCMut+F+R6    1509403.720  98  3019003.440  3019003.568  3019976.283
313  PMB           1612119.044  69  3224376.087  3224376.151  3225061.048
314  PMB+I         1552084.397  70  3104308.793  3104308.859  3105003.681
315  PMB+G4        1534947.298  70  3070034.596  3070034.661  3070729.484
316  PMB+I+G4      1533220.603  71  3066583.207  3066583.274  3067288.022
317  PMB+R2        1537383.859  71  3074909.719  3074909.786  3075614.534
318  PMB+R3        1530405.312  73  3060956.624  3060956.695  3061681.293
319  PMB+R4        1529485.789  75  3059121.577  3059121.653  3059866.100
320  PMB+R5        1529392.058  77  3058938.117  3058938.196  3059702.494
321  PMB+R6        1529392.036  79  3058942.072  3058942.156  3059726.303
326  PMB+F         1609453.330  88  3219082.659  3219082.763  3219956.233
327  PMB+F+I       1549491.471  89  3099160.942  3099161.048  3100044.443
328  PMB+F+G4      1532412.710  89  3065003.421  3065003.527  3065886.922
329  PMB+F+I+G4    1530646.174  90  3061472.347  3061472.456  3062365.775
330  PMB+F+R2      1534880.805  90  3069941.610  3069941.718  3070835.038
331  PMB+F+R3      1527716.684  92  3055617.368  3055617.481  3056530.649
332  PMB+F+R4      1526782.164  94  3053752.328  3053752.446  3054685.464
333  PMB+F+R5      1526687.149  96  3053566.298  3053566.421  3054519.287
334  PMB+F+R6      1526687.024  98  3053570.048  3053570.176  3054542.891
339  HIVb          1631654.596  69  3263447.192  3263447.256  3264132.153
340  HIVb+I        1555704.823  70  3111549.645  3111549.711  3112244.533
341  HIVb+G4       1531738.525  70  3063617.049  3063617.115  3064311.938
342  HIVb+I+G4     1529262.980  71  3058667.960  3058668.027  3059372.775
343  HIVb+R2       1536262.914  71  3072667.828  3072667.896  3073372.643
344  HIVb+R3       1526724.466  73  3053594.933  3053595.004  3054319.602
345  HIVb+R4       1525235.400  75  3050620.801  3050620.876  3051365.324
346  HIVb+R5       1524948.576  77  3050051.152  3050051.232  3050815.529
347  HIVb+R6       1524947.873  79  3050053.746  3050053.830  3050837.977
352  HIVb+F        1621076.192  88  3242328.385  3242328.489  3243201.959
353  HIVb+F+I      1545176.786  89  3090531.572  3090531.678  3091415.073
354  HIVb+F+G4     1520927.809  89  3042033.617  3042033.723  3042917.118
355  HIVb+F+I+G4   1518433.908  90  3037047.815  3037047.924  3037941.243
356  HIVb+F+R2     1525538.379  90  3051256.758  3051256.866  3052150.185
357  HIVb+F+R3     1515886.700  92  3031957.401  3031957.514  3032870.682
358  HIVb+F+R4     1514355.163  94  3028898.326  3028898.444  3029831.461
359  HIVb+F+R5     1514058.475  96  3028308.950  3028309.073  3029261.940
360  HIVb+F+R6     1514058.356  98  3028312.712  3028312.840  3029285.555
365  HIVw          1684389.513  69  3368917.026  3368917.090  3369601.988
366  HIVw+I        1605703.954  70  3211547.907  3211547.973  3212242.796
367  HIVw+G4       1580169.360  70  3160478.720  3160478.785  3161173.608
368  HIVw+I+G4     1577344.344  71  3154830.688  3154830.756  3155535.503
369  HIVw+R2       1585583.679  71  3171309.359  3171309.426  3172014.174
370  HIVw+R3       1574344.225  73  3148834.449  3148834.521  3149559.118
371  HIVw+R4       1572569.744  75  3145289.487  3145289.563  3146034.010
372  HIVw+R5       1572174.412  77  3144502.824  3144502.903  3145267.201
373  HIVw+R6       1572173.673  79  3144505.346  3144505.430  3145289.577
378  HIVw+F        1658534.922  88  3317245.845  3317245.949  3318119.419
379  HIVw+F+I      1578747.208  89  3157672.415  3157672.521  3158555.916
380  HIVw+F+G4     1554302.442  89  3108782.885  3108782.991  3109666.385
381  HIVw+F+I+G4   1551486.791  90  3103153.582  3103153.691  3104047.010
382  HIVw+F+R2     1559406.750  90  3118993.500  3118993.609  3119886.928
383  HIVw+F+R3     1548575.913  92  3097335.825  3097335.938  3098249.107
384  HIVw+F+R4     1546837.089  94  3093862.178  3093862.296  3094795.314
385  HIVw+F+R5     1546468.030  96  3093128.060  3093128.183  3094081.050
386  HIVw+F+R6     1546467.943  98  3093131.886  3093132.015  3094104.730
391  JTTDCMut      1586210.817  69  3172559.635  3172559.699  3173244.596
392  JTTDCMut+I    1524567.601  70  3049275.203  3049275.268  3049970.091
393  JTTDCMut+G4   1505881.031  70  3011902.062  3011902.128  3012596.950
394  JTTDCMut+I+G4 1504034.222  71  3008210.445  3008210.512  3008915.260
395  JTTDCMut+R2   1508761.254  71  3017664.509  3017664.576  3018369.324
396  JTTDCMut+R3   1501216.842  73  3002579.684  3002579.755  3003304.353
397  JTTDCMut+R4   1500220.085  75  3000590.171  3000590.246  3001334.694
398  JTTDCMut+R5   1500072.194  77  3000298.387  3000298.467  3001062.764
399  JTTDCMut+R6   1500072.132  79  3000302.265  3000302.348  3001086.496
404  JTTDCMut+F    1585721.874  88  3171619.747  3171619.851  3172493.321
405  JTTDCMut+F+I  1523650.669  89  3047479.337  3047479.443  3048362.838
406  JTTDCMut+F+G4 1504947.186  89  3010072.373  3010072.479  3010955.874
407  JTTDCMut+F+I+G4 1503083.062  90  3006346.124  3006346.232  3007239.552
408  JTTDCMut+F+R2 1507851.450  90  3015882.901  3015883.009  3016776.329
409  JTTDCMut+F+R3 1500258.836  92  3000701.671  3000701.785  3001614.953
410  JTTDCMut+F+R4 1499255.767  94  2998699.533  2998699.651  2999632.669
411  JTTDCMut+F+R5 1499108.243  96  2998408.485  2998408.609  2999361.475
412  JTTDCMut+F+R6 1499108.128  98  2998412.255  2998412.384  2999385.099
417  FLU           1628195.892  69  3256529.785  3256529.849  3257214.746
418  FLU+I         1556290.039  70  3112720.079  3112720.144  3113414.967
419  FLU+G4        1531344.012  70  3062828.023  3062828.089  3063522.911
420  FLU+I+G4      1529133.666  71  3058409.332  3058409.399  3059114.147
421  FLU+R2        1535671.246  71  3071484.491  3071484.559  3072189.307
422  FLU+R3        1526123.198  73  3052392.395  3052392.466  3053117.064
423  FLU+R4        1524558.864  75  3049267.728  3049267.803  3050012.251
424  FLU+R5        1524234.575  77  3048623.149  3048623.229  3049387.526
425  FLU+R6        1524233.949  79  3048625.899  3048625.982  3049410.130
430  FLU+F         1620629.789  88  3241435.578  3241435.682  3242309.152
431  FLU+F+I       1547733.591  89  3095645.181  3095645.287  3096528.682
432  FLU+F+G4      1522182.256  89  3044542.512  3044542.618  3045426.013
433  FLU+F+I+G4    1519960.919  90  3040101.839  3040101.947  3040995.266
434  FLU+F+R2      1526565.663  90  3053311.326  3053311.434  3054204.753
435  FLU+F+R3      1517044.521  92  3034273.042  3034273.155  3035186.324
436  FLU+F+R4      1515446.844  94  3031081.687  3031081.805  3032014.823
437  FLU+F+R5      1515124.724  96  3030441.448  3030441.571  3031394.438
438  FLU+F+R6      1515124.601  98  3030445.202  3030445.330  3031418.045
443  Blosum62      1612823.680  69  3225785.361  3225785.425  3226470.322
444  Blosum62+I    1553270.910  70  3106681.820  3106681.886  3107376.708
445  Blosum62+G4   1535736.326  70  3071612.653  3071612.718  3072307.541
446  Blosum62+I+G4 1533999.324  71  3068140.647  3068140.715  3068845.462
447  Blosum62+R2   1538247.934  71  3076637.867  3076637.935  3077342.682
448  Blosum62+R3   1531071.286  73  3062288.573  3062288.644  3063013.242
449  Blosum62+R4   1530124.761  75  3060399.522  3060399.597  3061144.045
450  Blosum62+R5   1530028.335  77  3060210.669  3060210.749  3060975.046
451  Blosum62+R6   1530028.275  79  3060214.550  3060214.633  3060998.781
456  Blosum62+F    1610380.248  88  3220936.497  3220936.600  3221810.071
457  Blosum62+F+I  1550987.527  89  3102153.054  3102153.160  3103036.555
458  Blosum62+F+G4 1533582.658  89  3067343.316  3067343.422  3068226.816
459  Blosum62+F+I+G4 1531808.195  90  3063796.390  3063796.498  3064689.817
460  Blosum62+F+R2 1536122.233  90  3072424.466  3072424.574  3073317.893
461  Blosum62+F+R3 1528778.577  92  3057741.155  3057741.268  3058654.436
462  Blosum62+F+R4 1527815.089  94  3055818.179  3055818.297  3056751.314
463  Blosum62+F+R5 1527716.572  96  3055625.145  3055625.268  3056578.134
464  Blosum62+F+R6 1527716.450  98  3055628.901  3055629.029  3056601.744
469  mtMet         1679354.184  69  3358846.368  3358846.432  3359531.329
470  mtMet+I       1609768.546  70  3219677.091  3219677.157  3220371.979
471  mtMet+G4      1577555.097  70  3155250.194  3155250.259  3155945.082
472  mtMet+I+G4    1575607.955  71  3151357.910  3151357.977  3152062.725
473  mtMet+R2      1582675.369  71  3165492.738  3165492.806  3166197.553
474  mtMet+R3      1573013.305  73  3146172.610  3146172.681  3146897.279
475  mtMet+R4      1571192.728  75  3142535.457  3142535.532  3143279.980
476  mtMet+R5      1570814.327  77  3141782.653  3141782.733  3142547.030
477  mtMet+R6      1570814.197  79  3141786.395  3141786.478  3142570.626
482  mtMet+F       1610081.721  88  3220339.442  3220339.545  3221213.015
483  mtMet+F+I     1544004.272  89  3088186.544  3088186.650  3089070.045
484  mtMet+F+G4    1518298.523  89  3036775.045  3036775.151  3037658.546
485  mtMet+F+I+G4  1516272.912  90  3032725.824  3032725.933  3033619.252
486  mtMet+F+R2    1522583.739  90  3045347.478  3045347.586  3046240.905
487  mtMet+F+R3    1513125.119  92  3026434.238  3026434.351  3027347.520
488  mtMet+F+R4    1511578.217  94  3023344.434  3023344.552  3024277.570
489  mtMet+F+R5    1511292.613  96  3022777.226  3022777.349  3023730.215
490  mtMet+F+R6    1511292.462  98  3022780.924  3022781.052  3023753.767
495  mtVer         1697245.315  69  3394628.631  3394628.695  3395313.592
496  mtVer+I       1624516.366  70  3249172.732  3249172.798  3249867.620
497  mtVer+G4      1586943.172  70  3174026.344  3174026.410  3174721.233
498  mtVer+I+G4    1584895.502  71  3169933.004  3169933.071  3170637.819
499  mtVer+R2      1593088.614  71  3186319.228  3186319.296  3187024.043
500  mtVer+R3      1582416.390  73  3164978.780  3164978.852  3165703.449
501  mtVer+R4      1580258.172  75  3160666.344  3160666.419  3161410.867
502  mtVer+R5      1579768.138  77  3159690.277  3159690.356  3160454.654
503  mtVer+R6      1579768.012  79  3159694.025  3159694.109  3160478.256
508  mtVer+F       1628980.355  88  3258136.710  3258136.814  3259010.284
509  mtVer+F+I     1557333.424  89  3114844.848  3114844.954  3115728.348
510  mtVer+F+G4    1529209.473  89  3058596.945  3058597.051  3059480.446
511  mtVer+F+I+G4  1526971.946  90  3054123.892  3054124.001  3055017.320
512  mtVer+F+R2    1534120.867  90  3068421.733  3068421.842  3069315.161
513  mtVer+F+R3    1523970.035  92  3048124.071  3048124.184  3049037.352
514  mtVer+F+R4    1522204.598  94  3044597.197  3044597.315  3045530.332
515  mtVer+F+R5    1521868.632  96  3043929.264  3043929.388  3044882.254
516  mtVer+F+R6    1521868.479  98  3043932.957  3043933.086  3044905.801
521  mtInv         1687055.138  69  3374248.276  3374248.340  3374933.238
522  mtInv+I       1618968.566  70  3238077.131  3238077.197  3238772.019
523  mtInv+G4      1591023.246  70  3182186.492  3182186.557  3182881.380
524  mtInv+I+G4    1589107.511  71  3178357.023  3178357.090  3179061.838
525  mtInv+R2      1595365.376  71  3190872.751  3190872.819  3191577.566
526  mtInv+R3      1586496.932  73  3173139.864  3173139.935  3173864.533
527  mtInv+R4      1584947.072  75  3170044.144  3170044.220  3170788.667
528  mtInv+R5      1584646.122  77  3169446.245  3169446.324  3170210.622
529  mtInv+R6      1584645.845  79  3169449.689  3169449.773  3170233.920
534  mtInv+F       1601992.071  88  3204160.142  3204160.246  3205033.716
535  mtInv+F+I     1538499.518  89  3077177.035  3077177.141  3078060.536
536  mtInv+F+G4    1515645.670  89  3031469.340  3031469.446  3032352.840
537  mtInv+F+I+G4  1513644.462  90  3027468.924  3027469.033  3028362.352
538  mtInv+F+R2    1519401.054  90  3038982.107  3038982.216  3039875.535
539  mtInv+F+R3    1510403.414  92  3020990.828  3020990.942  3021904.110
540  mtInv+F+R4    1509055.261  94  3018298.522  3018298.640  3019231.657
541  mtInv+F+R5    1508827.691  96  3017847.382  3017847.506  3018800.372
542  mtInv+F+R6    1508827.643  98  3017851.285  3017851.413  3018824.129
Akaike Information Criterion:           JTT+F+R5
Corrected Akaike Information Criterion: JTT+F+R5
Bayesian Information Criterion:         JTT+F+R5
Best-fit model: JTT+F+R5 chosen according to BIC

All model information printed to all_concat_species_sorted.model.gz
CPU time for ModelFinder: 241067.824 seconds (66h:57m:47s)
Wall-clock time for ModelFinder: 40464.602 seconds (11h:14m:24s)

NOTE: 1539 MB RAM (1 GB) is required!
Estimate model parameters (epsilon = 0.100)
1. Initial log-likelihood: -1520963.016
2. Current log-likelihood: -1502948.767
3. Current log-likelihood: -1501113.766
4. Current log-likelihood: -1500681.124
5. Current log-likelihood: -1500395.088
6. Current log-likelihood: -1500194.215
7. Current log-likelihood: -1500046.541
8. Current log-likelihood: -1499934.305
9. Current log-likelihood: -1499846.355
10. Current log-likelihood: -1499774.818
11. Current log-likelihood: -1499717.126
12. Current log-likelihood: -1499666.011
13. Current log-likelihood: -1499623.344
14. Current log-likelihood: -1499582.870
15. Current log-likelihood: -1499548.702
16. Current log-likelihood: -1499514.559
17. Current log-likelihood: -1499485.776
18. Current log-likelihood: -1499456.913
19. Current log-likelihood: -1499432.281
20. Current log-likelihood: -1499407.654
21. Current log-likelihood: -1499387.243
22. Current log-likelihood: -1499366.805
23. Current log-likelihood: -1499350.322
24. Current log-likelihood: -1499334.072
25. Current log-likelihood: -1499321.099
26. Current log-likelihood: -1499308.317
27. Current log-likelihood: -1499298.274
28. Current log-likelihood: -1499288.420
29. Current log-likelihood: -1499280.373
30. Current log-likelihood: -1499272.445
31. Current log-likelihood: -1499266.321
32. Current log-likelihood: -1499259.859
33. Current log-likelihood: -1499254.672
34. Current log-likelihood: -1499249.268
35. Current log-likelihood: -1499245.028
36. Current log-likelihood: -1499240.568
37. Current log-likelihood: -1499237.129
38. Current log-likelihood: -1499233.675
39. Current log-likelihood: -1499230.850
40. Current log-likelihood: -1499227.859
41. Current log-likelihood: -1499225.448
42. Current log-likelihood: -1499223.042
43. Current log-likelihood: -1499221.021
44. Current log-likelihood: -1499218.947
45. Current log-likelihood: -1499217.332
46. Current log-likelihood: -1499215.452
47. Current log-likelihood: -1499214.039
48. Current log-likelihood: -1499212.468
49. Current log-likelihood: -1499211.242
50. Current log-likelihood: -1499209.801
51. Current log-likelihood: -1499208.822
52. Current log-likelihood: -1499207.684
53. Current log-likelihood: -1499206.705
54. Current log-likelihood: -1499205.915
55. Current log-likelihood: -1499205.257
56. Current log-likelihood: -1499204.533
57. Current log-likelihood: -1499203.984
58. Current log-likelihood: -1499203.339
59. Current log-likelihood: -1499202.842
60. Current log-likelihood: -1499202.213
61. Current log-likelihood: -1499201.819
62. Current log-likelihood: -1499201.351
63. Current log-likelihood: -1499200.953
64. Current log-likelihood: -1499200.679
65. Current log-likelihood: -1499200.235
66. Current log-likelihood: -1499200.034
67. Current log-likelihood: -1499199.833
68. Current log-likelihood: -1499199.581
69. Current log-likelihood: -1499199.377
70. Current log-likelihood: -1499199.141
71. Current log-likelihood: -1499198.945
72. Current log-likelihood: -1499198.712
73. Current log-likelihood: -1499198.541
74. Current log-likelihood: -1499198.315
75. Current log-likelihood: -1499198.154
76. Current log-likelihood: -1499197.933
77. Current log-likelihood: -1499197.774
78. Current log-likelihood: -1499197.580
79. Current log-likelihood: -1499197.467
80. Current log-likelihood: -1499197.279
81. Current log-likelihood: -1499197.136
82. Current log-likelihood: -1499196.957
83. Current log-likelihood: -1499196.856
84. Current log-likelihood: -1499196.680
85. Current log-likelihood: -1499196.567
Optimal log-likelihood: -1499196.419
Site proportion and rates:  (0.438,0.060) (0.162,0.185) (0.284,1.217) (0.102,4.088) (0.014,12.846)
Parameters optimization took 85 rounds (914.522 sec)
Computing ML distances based on estimated model parameters... 1.472 sec
Computing BIONJ tree...
0.001 seconds
Log-likelihood of BIONJ tree: -1499730.791
--------------------------------------------------------------------
|             INITIALIZING CANDIDATE TREE SET                      |
--------------------------------------------------------------------
Generating 98 parsimony trees... 135.259 second
Computing log-likelihood of 98 initial trees ... 195.344 seconds
Current best score: -1499196.419

Do NNI search on 20 best initial trees
Estimate model parameters (epsilon = 0.100)
BETTER TREE FOUND at iteration 1: -1499137.264
Estimate model parameters (epsilon = 0.100)
UPDATE BEST LOG-LIKELIHOOD: -1499062.549
Estimate model parameters (epsilon = 0.100)
UPDATE BEST LOG-LIKELIHOOD: -1499057.984
Iteration 10 / LogL: -1499058.178 / Time: 0h:53m:6s
Iteration 20 / LogL: -1499059.140 / Time: 0h:55m:37s
Finish initializing candidate tree set (3)
Current best tree score: -1499057.984 / CPU time: 2410.665
Number of iterations: 20
--------------------------------------------------------------------
|               OPTIMIZING CANDIDATE TREE SET                      |
--------------------------------------------------------------------
Estimate model parameters (epsilon = 0.100)
UPDATE BEST LOG-LIKELIHOOD: -1499057.650
Estimate model parameters (epsilon = 0.100)
UPDATE BEST LOG-LIKELIHOOD: -1499057.310
Iteration 30 / LogL: -1499136.789 / Time: 0h:58m:55s (2h:24m:16s left)
Estimate model parameters (epsilon = 0.100)
UPDATE BEST LOG-LIKELIHOOD: -1499057.000
Estimate model parameters (epsilon = 0.100)
UPDATE BEST LOG-LIKELIHOOD: -1499056.709
Estimate model parameters (epsilon = 0.100)
UPDATE BEST LOG-LIKELIHOOD: -1499056.417
Iteration 40 / LogL: -1499056.469 / Time: 1h:2m:17s (1h:37m:25s left)
Iteration 50 / LogL: -1499059.582 / Time: 1h:5m:35s (1h:8m:16s left)
Iteration 60 / LogL: -1499173.227 / Time: 1h:8m:35s (0h:47m:39s left)
Iteration 70 / LogL: -1499194.760 / Time: 1h:11m:41s (0h:32m:12s left)
Estimate model parameters (epsilon = 0.100)
UPDATE BEST LOG-LIKELIHOOD: -1499056.279
Iteration 80 / LogL: -1499056.576 / Time: 1h:14m:19s (0h:19m:45s left)
Estimate model parameters (epsilon = 0.100)
UPDATE BEST LOG-LIKELIHOOD: -1499056.118
Iteration 90 / LogL: -1499067.454 / Time: 1h:17m:26s (0h:9m:34s left)
UPDATE BEST LOG-LIKELIHOOD: -1499056.111
Iteration 100 / LogL: -1499186.998 / Time: 1h:20m:34s (0h:0m:48s left)
TREE SEARCH COMPLETED AFTER 102 ITERATIONS / Time: 1h:21m:11s

--------------------------------------------------------------------
|                    FINALIZING TREE SEARCH                        |
--------------------------------------------------------------------
Performs final model parameters optimization
Estimate model parameters (epsilon = 0.010)
1. Initial log-likelihood: -1499056.111
2. Current log-likelihood: -1499055.979
3. Current log-likelihood: -1499055.836
4. Current log-likelihood: -1499055.704
5. Current log-likelihood: -1499055.575
6. Current log-likelihood: -1499055.451
7. Current log-likelihood: -1499055.331
8. Current log-likelihood: -1499055.217
9. Current log-likelihood: -1499055.103
10. Current log-likelihood: -1499054.981
11. Current log-likelihood: -1499054.872
12. Current log-likelihood: -1499054.766
13. Current log-likelihood: -1499054.665
14. Current log-likelihood: -1499054.568
15. Current log-likelihood: -1499054.469
16. Current log-likelihood: -1499054.365
17. Current log-likelihood: -1499054.271
18. Current log-likelihood: -1499054.182
19. Current log-likelihood: -1499054.098
20. Current log-likelihood: -1499054.013
21. Current log-likelihood: -1499053.934
22. Current log-likelihood: -1499053.850
23. Current log-likelihood: -1499053.763
24. Current log-likelihood: -1499053.686
25. Current log-likelihood: -1499053.611
26. Current log-likelihood: -1499053.543
27. Current log-likelihood: -1499053.473
28. Current log-likelihood: -1499053.409
29. Current log-likelihood: -1499053.336
30. Current log-likelihood: -1499053.263
31. Current log-likelihood: -1499053.211
32. Current log-likelihood: -1499053.162
33. Current log-likelihood: -1499053.111
34. Current log-likelihood: -1499053.064
35. Current log-likelihood: -1499053.016
36. Current log-likelihood: -1499052.972
37. Current log-likelihood: -1499052.930
38. Current log-likelihood: -1499052.885
39. Current log-likelihood: -1499052.844
40. Current log-likelihood: -1499052.805
41. Current log-likelihood: -1499052.751
42. Current log-likelihood: -1499052.705
43. Current log-likelihood: -1499052.666
44. Current log-likelihood: -1499052.626
45. Current log-likelihood: -1499052.590
46. Current log-likelihood: -1499052.556
47. Current log-likelihood: -1499052.519
48. Current log-likelihood: -1499052.487
49. Current log-likelihood: -1499052.454
50. Current log-likelihood: -1499052.423
51. Current log-likelihood: -1499052.393
52. Current log-likelihood: -1499052.348
53. Current log-likelihood: -1499052.311
54. Current log-likelihood: -1499052.281
55. Current log-likelihood: -1499052.250
56. Current log-likelihood: -1499052.223
57. Current log-likelihood: -1499052.197
58. Current log-likelihood: -1499052.167
59. Current log-likelihood: -1499052.142
60. Current log-likelihood: -1499052.118
61. Current log-likelihood: -1499052.105
62. Current log-likelihood: -1499052.092
63. Current log-likelihood: -1499052.079
64. Current log-likelihood: -1499052.066
65. Current log-likelihood: -1499052.053
66. Current log-likelihood: -1499052.036
67. Current log-likelihood: -1499052.014
68. Current log-likelihood: -1499052.001
69. Current log-likelihood: -1499051.989
70. Current log-likelihood: -1499051.977
71. Current log-likelihood: -1499051.966
72. Current log-likelihood: -1499051.954
73. Current log-likelihood: -1499051.943
74. Current log-likelihood: -1499051.932
75. Current log-likelihood: -1499051.918
76. Current log-likelihood: -1499051.906
77. Current log-likelihood: -1499051.895
78. Current log-likelihood: -1499051.863
79. Current log-likelihood: -1499051.839
80. Current log-likelihood: -1499051.828
81. Current log-likelihood: -1499051.817
82. Current log-likelihood: -1499051.804
83. Current log-likelihood: -1499051.794
Optimal log-likelihood: -1499051.777
Site proportion and rates:  (0.519,0.052) (0.300,0.811) (0.145,2.805) (0.033,7.620) (0.003,21.345)
Parameters optimization took 83 rounds (369.587 sec)
BEST SCORE FOUND : -1499051.777

Testing tree branches by SH-like aLRT with 1000 replicates...
Testing tree branches by aBayes parametric test...
14.578 sec.
Total tree length: 1.953

Total number of iterations: 102
CPU time used for tree search: 22997.268 sec (6h:23m:17s)
Wall-clock time used for tree search: 3944.813 sec (1h:5m:44s)
Total CPU time used: 30813.980 sec (8h:33m:33s)
Total wall-clock time used: 5256.300 sec (1h:27m:36s)

Analysis results written to: 
  IQ-TREE report:                all_concat_species_sorted.iqtree
  Maximum-likelihood tree:       all_concat_species_sorted.treefile
  Likelihood distances:          all_concat_species_sorted.mldist
  Screen log file:               all_concat_species_sorted.log

Date and Time: Thu Jun  4 12:34:22 2020
