Building DAG of jobs...
Creating conda environment config/opsins.yml...
Downloading remote packages.
Environment for config/opsins.yml created (location: ../../../../../Apps/PIA3_conda/43b82d8a)
Using shell: /bin/bash
Provided cores: 8
Rules claiming more threads will be scaled down.
Job counts:
	count	jobs
	1	all
	1	build_initial_tree
	1	pia_analysis
	3

[Thu Aug 20 15:31:56 2020]
rule build_initial_tree:
    output: /home/alena/Documents/IB/project_opsins/diversity_of_opsins_in_amphipods/PIA3/test_out/class_align.fasta, /home/alena/Documents/IB/project_opsins/diversity_of_opsins_in_amphipods/PIA3/test_out/class_align.fasta.contree
    log: /home/alena/Documents/IB/project_opsins/diversity_of_opsins_in_amphipods/PIA3/test_out/logs/build_initial_tree.txt
    jobid: 2
    benchmark: /home/alena/Documents/IB/project_opsins/diversity_of_opsins_in_amphipods/PIA3/test_out/benchmarks/build_initial_tree.txt
    wildcards: out_dir=/home/alena/Documents/IB/project_opsins/diversity_of_opsins_in_amphipods/PIA3/test_out
    threads: 8

Activating conda environment: /home/alena/Apps/PIA3_conda/43b82d8a
[Thu Aug 20 15:35:06 2020]
Finished job 2.
1 of 3 steps (33%) done

[Thu Aug 20 15:35:06 2020]
rule pia_analysis:
    input: /home/alena/Documents/IB/project_opsins/diversity_of_opsins_in_amphipods/PIA3/test_data/Parhyale_hawaiensis_test.fasta, /home/alena/Documents/IB/project_opsins/diversity_of_opsins_in_amphipods/PIA3/test_out/class_align.fasta.contree
    output: /home/alena/Documents/IB/project_opsins/diversity_of_opsins_in_amphipods/PIA3/test_out/Parhyale_hawaiensis_test
    log: /home/alena/Documents/IB/project_opsins/diversity_of_opsins_in_amphipods/PIA3/test_out/logs/pia_Parhyale_hawaiensis_test.txt
    jobid: 1
    benchmark: /home/alena/Documents/IB/project_opsins/diversity_of_opsins_in_amphipods/PIA3/test_out/benchmarks/pia_Parhyale_hawaiensis_test.txt
    wildcards: out_dir=/home/alena/Documents/IB/project_opsins/diversity_of_opsins_in_amphipods/PIA3/test_out, reference=Parhyale_hawaiensis_test
    threads: 8

Activating conda environment: /home/alena/Apps/PIA3_conda/43b82d8a
[Thu Aug 20 15:35:12 2020]
Error in rule pia_analysis:
    jobid: 1
    output: /home/alena/Documents/IB/project_opsins/diversity_of_opsins_in_amphipods/PIA3/test_out/Parhyale_hawaiensis_test
    log: /home/alena/Documents/IB/project_opsins/diversity_of_opsins_in_amphipods/PIA3/test_out/logs/pia_Parhyale_hawaiensis_test.txt
    conda-env: /home/alena/Apps/PIA3_conda/43b82d8a

RuleException:
CalledProcessError in line 45 of /home/alena/Documents/IB/project_opsins/diversity_of_opsins_in_amphipods/PIA3/Snakefile:
Command 'source activate /home/alena/Apps/PIA3_conda/43b82d8a; set -euo pipefail;  python3 PIA3.py -i /home/alena/Documents/IB/project_opsins/diversity_of_opsins_in_amphipods/PIA3/test_data/Parhyale_hawaiensis_test.fasta -o /home/alena/Documents/IB/project_opsins/diversity_of_opsins_in_amphipods/PIA3/test_out/Parhyale_hawaiensis_test -db /home/alena/Documents/IB/project_opsins/diversity_of_opsins_in_amphipods/PIA3/classification_opsins_full_aa.fasta -in_phylo /home/alena/Documents/IB/project_opsins/diversity_of_opsins_in_amphipods/PIA3/test_out/class_align.fasta.contree -model LG+F+G4 -outgroup RHO_Bos_taurus_AAA30674.1 --cds 2> /home/alena/Documents/IB/project_opsins/diversity_of_opsins_in_amphipods/PIA3/test_out/logs/pia_Parhyale_hawaiensis_test.txt ' returned non-zero exit status 1.
  File "/home/alena/Documents/IB/project_opsins/diversity_of_opsins_in_amphipods/PIA3/Snakefile", line 45, in __rule_pia_analysis
  File "/home/alena/anaconda3/envs/smk/lib/python3.6/concurrent/futures/thread.py", line 56, in run
Removing output files of failed job pia_analysis since they might be corrupted:
/home/alena/Documents/IB/project_opsins/diversity_of_opsins_in_amphipods/PIA3/test_out/Parhyale_hawaiensis_test
Shutting down, this might take some time.
Exiting because a job execution failed. Look above for error message
Complete log: /home/alena/Documents/IB/project_opsins/diversity_of_opsins_in_amphipods/PIA3/.snakemake/log/2020-08-20T153050.099251.snakemake.log
