Building DAG of jobs...
Using shell: /bin/bash
Provided cores: 8
Rules claiming more threads will be scaled down.
Job counts:
	count	jobs
	1	all
	1	build_initial_tree
	1	pia_analysis
	3

[Fri Aug 21 14:15:26 2020]
rule build_initial_tree:
    output: /home/alena/Documents/IB/project_opsins/diversity_of_opsins_in_amphipods/PIA3/test_out/class_align.fasta, /home/alena/Documents/IB/project_opsins/diversity_of_opsins_in_amphipods/PIA3/test_out/class_align.fasta.contree
    log: /home/alena/Documents/IB/project_opsins/diversity_of_opsins_in_amphipods/PIA3/test_out/logs/build_initial_tree.txt
    jobid: 2
    benchmark: /home/alena/Documents/IB/project_opsins/diversity_of_opsins_in_amphipods/PIA3/test_out/benchmarks/build_initial_tree.txt
    wildcards: out_dir=/home/alena/Documents/IB/project_opsins/diversity_of_opsins_in_amphipods/PIA3/test_out
    threads: 8

Activating conda environment: /home/alena/Apps/PIA3_conda/43b82d8a
[Fri Aug 21 14:18:37 2020]
Finished job 2.
1 of 3 steps (33%) done

[Fri Aug 21 14:18:37 2020]
rule pia_analysis:
    input: /home/alena/Documents/IB/project_opsins/diversity_of_opsins_in_amphipods/PIA3/test_data/test_Hyalella_azteca.fasta, /home/alena/Documents/IB/project_opsins/diversity_of_opsins_in_amphipods/PIA3/test_out/class_align.fasta.contree
    output: /home/alena/Documents/IB/project_opsins/diversity_of_opsins_in_amphipods/PIA3/test_out/test_Hyalella_azteca
    log: /home/alena/Documents/IB/project_opsins/diversity_of_opsins_in_amphipods/PIA3/test_out/logs/pia_test_Hyalella_azteca.txt
    jobid: 1
    benchmark: /home/alena/Documents/IB/project_opsins/diversity_of_opsins_in_amphipods/PIA3/test_out/benchmarks/pia_test_Hyalella_azteca.txt
    wildcards: out_dir=/home/alena/Documents/IB/project_opsins/diversity_of_opsins_in_amphipods/PIA3/test_out, reference=test_Hyalella_azteca
    threads: 8

RuleException in line 42 of /home/alena/Documents/IB/project_opsins/diversity_of_opsins_in_amphipods/PIA3/Snakefile:
'Params' object has no attribute 'aligner'
  File "/home/alena/anaconda3/envs/smk/lib/python3.6/site-packages/snakemake/executors/__init__.py", line 115, in run_jobs
  File "/home/alena/anaconda3/envs/smk/lib/python3.6/site-packages/snakemake/executors/__init__.py", line 402, in run
  File "/home/alena/anaconda3/envs/smk/lib/python3.6/site-packages/snakemake/executors/__init__.py", line 203, in _run
  File "/home/alena/anaconda3/envs/smk/lib/python3.6/site-packages/snakemake/executors/__init__.py", line 131, in _run
  File "/home/alena/anaconda3/envs/smk/lib/python3.6/site-packages/snakemake/executors/__init__.py", line 137, in printjob
