Building DAG of jobs...
File path /home/alena/Documents/IB/project_opsins/diversity_of_opsins_in_amphipods/PIA3/test_out//test_Hyalella_azteca contains double '/'. This is likely unintended. It can also lead to inconsistent results of the file-matching approach used by Snakemake.
File path /home/alena/Documents/IB/project_opsins/diversity_of_opsins_in_amphipods/PIA3/test_out//class_align.fasta.contree contains double '/'. This is likely unintended. It can also lead to inconsistent results of the file-matching approach used by Snakemake.
File path /home/alena/Documents/IB/project_opsins/diversity_of_opsins_in_amphipods/PIA3/test_out//test_Hyalella_azteca contains double '/'. This is likely unintended. It can also lead to inconsistent results of the file-matching approach used by Snakemake.
File path /home/alena/Documents/IB/project_opsins/diversity_of_opsins_in_amphipods/PIA3/test_out//benchmarks/pia_test_Hyalella_azteca.txt contains double '/'. This is likely unintended. It can also lead to inconsistent results of the file-matching approach used by Snakemake.
File path /home/alena/Documents/IB/project_opsins/diversity_of_opsins_in_amphipods/PIA3/test_out//logs/pia_test_Hyalella_azteca.txt contains double '/'. This is likely unintended. It can also lead to inconsistent results of the file-matching approach used by Snakemake.
File path /home/alena/Documents/IB/project_opsins/diversity_of_opsins_in_amphipods/PIA3/test_out//class_align.fasta contains double '/'. This is likely unintended. It can also lead to inconsistent results of the file-matching approach used by Snakemake.
File path /home/alena/Documents/IB/project_opsins/diversity_of_opsins_in_amphipods/PIA3/test_out//class_align.fasta.contree contains double '/'. This is likely unintended. It can also lead to inconsistent results of the file-matching approach used by Snakemake.
File path /home/alena/Documents/IB/project_opsins/diversity_of_opsins_in_amphipods/PIA3/test_out//benchmarks/build_initial_tree.txt contains double '/'. This is likely unintended. It can also lead to inconsistent results of the file-matching approach used by Snakemake.
File path /home/alena/Documents/IB/project_opsins/diversity_of_opsins_in_amphipods/PIA3/test_out//logs/build_initial_tree.txt contains double '/'. This is likely unintended. It can also lead to inconsistent results of the file-matching approach used by Snakemake.
File path /home/alena/Documents/IB/project_opsins/diversity_of_opsins_in_amphipods/PIA3/test_out//benchmarks/pia_test_Hyalella_azteca.txt contains double '/'. This is likely unintended. It can also lead to inconsistent results of the file-matching approach used by Snakemake.
File path /home/alena/Documents/IB/project_opsins/diversity_of_opsins_in_amphipods/PIA3/test_out//logs/pia_test_Hyalella_azteca.txt contains double '/'. This is likely unintended. It can also lead to inconsistent results of the file-matching approach used by Snakemake.
File path /home/alena/Documents/IB/project_opsins/diversity_of_opsins_in_amphipods/PIA3/test_out//benchmarks/build_initial_tree.txt contains double '/'. This is likely unintended. It can also lead to inconsistent results of the file-matching approach used by Snakemake.
File path /home/alena/Documents/IB/project_opsins/diversity_of_opsins_in_amphipods/PIA3/test_out//logs/build_initial_tree.txt contains double '/'. This is likely unintended. It can also lead to inconsistent results of the file-matching approach used by Snakemake.
Using shell: /bin/bash
Provided cores: 8
Rules claiming more threads will be scaled down.
Job counts:
	count	jobs
	1	all
	1	build_initial_tree
	1	pia_analysis
	3

[Wed Oct 14 00:00:53 2020]
rule build_initial_tree:
    output: /home/alena/Documents/IB/project_opsins/diversity_of_opsins_in_amphipods/PIA3/test_out//class_align.fasta, /home/alena/Documents/IB/project_opsins/diversity_of_opsins_in_amphipods/PIA3/test_out//class_align.fasta.contree
    log: /home/alena/Documents/IB/project_opsins/diversity_of_opsins_in_amphipods/PIA3/test_out//logs/build_initial_tree.txt
    jobid: 2
    benchmark: /home/alena/Documents/IB/project_opsins/diversity_of_opsins_in_amphipods/PIA3/test_out//benchmarks/build_initial_tree.txt
    wildcards: out_dir=/home/alena/Documents/IB/project_opsins/diversity_of_opsins_in_amphipods/PIA3/test_out/
    threads: 8

Activating conda environment: /home/alena/Apps/PIA3_conda/43b82d8a
Terminating processes on user request, this might take some time.
[Wed Oct 14 00:02:24 2020]
Error in rule build_initial_tree:
    jobid: 2
    output: /home/alena/Documents/IB/project_opsins/diversity_of_opsins_in_amphipods/PIA3/test_out//class_align.fasta, /home/alena/Documents/IB/project_opsins/diversity_of_opsins_in_amphipods/PIA3/test_out//class_align.fasta.contree
    log: /home/alena/Documents/IB/project_opsins/diversity_of_opsins_in_amphipods/PIA3/test_out//logs/build_initial_tree.txt (check log file(s) for error message)
    conda-env: /home/alena/Apps/PIA3_conda/43b82d8a
    shell:
        
         (mafft --thread 8 --inputorder --auto /home/alena/Documents/IB/project_opsins/diversity_of_opsins_in_amphipods/PIA3/test_data/classification_opsins_full_aa.fasta > /home/alena/Documents/IB/project_opsins/diversity_of_opsins_in_amphipods/PIA3/test_out//class_align.fasta) 2> /home/alena/Documents/IB/project_opsins/diversity_of_opsins_in_amphipods/PIA3/test_out//logs/build_initial_tree.txt
         iqtree -s /home/alena/Documents/IB/project_opsins/diversity_of_opsins_in_amphipods/PIA3/test_out//class_align.fasta -nt AUTO -t RANDOM -bb 1000 -m LG+F+G4 2>> /home/alena/Documents/IB/project_opsins/diversity_of_opsins_in_amphipods/PIA3/test_out//logs/build_initial_tree.txt
         
        (one of the commands exited with non-zero exit code; note that snakemake uses bash strict mode!)

Removing output files of failed job build_initial_tree since they might be corrupted:
/home/alena/Documents/IB/project_opsins/diversity_of_opsins_in_amphipods/PIA3/test_out//class_align.fasta
Complete log: /home/alena/Documents/IB/project_opsins/diversity_of_opsins_in_amphipods/PIA3/.snakemake/log/2020-10-14T000053.791585.snakemake.log
