Building DAG of jobs...
Creating conda environment config/opsins.yml...
Downloading and installing remote packages.
Environment for config/opsins.yml created (location: ../../../../../Apps/PIA3_conda/43b82d8a)
Using shell: /bin/bash
Provided cores: 8
Rules claiming more threads will be scaled down.
Job counts:
	count	jobs
	1	all
	1	build_initial_tree
	2	pia_analysis
	4

[Mon Aug 17 16:34:06 2020]
rule build_initial_tree:
    output: /home/alena/Documents/IB/project_opsins/diversity_of_opsins_in_amphipods/PIA3/test_out/class_align.fasta, /home/alena/Documents/IB/project_opsins/diversity_of_opsins_in_amphipods/PIA3/test_out/class_align.fasta.contree
    log: /home/alena/Documents/IB/project_opsins/diversity_of_opsins_in_amphipods/PIA3/test_out/logs/build_initial_tree.txt
    jobid: 3
    benchmark: /home/alena/Documents/IB/project_opsins/diversity_of_opsins_in_amphipods/PIA3/test_out/benchmarks/build_initial_tree.txt
    wildcards: out_dir=/home/alena/Documents/IB/project_opsins/diversity_of_opsins_in_amphipods/PIA3/test_out
    threads: 8

Activating conda environment: /home/alena/Apps/PIA3_conda/43b82d8a
[Mon Aug 17 16:37:46 2020]
Finished job 3.
1 of 4 steps (25%) done

[Mon Aug 17 16:37:46 2020]
rule pia_analysis:
    input: /home/alena/Documents/IB/project_opsins/diversity_of_opsins_in_amphipods/PIA3/test_data/Parhyale_hawaiensis_test.fasta, /home/alena/Documents/IB/project_opsins/diversity_of_opsins_in_amphipods/PIA3/test_out/class_align.fasta.contree
    output: /home/alena/Documents/IB/project_opsins/diversity_of_opsins_in_amphipods/PIA3/test_out/Parhyale_hawaiensis_test
    log: /home/alena/Documents/IB/project_opsins/diversity_of_opsins_in_amphipods/PIA3/test_out/logs/pia_Parhyale_hawaiensis_test.txt
    jobid: 2
    benchmark: /home/alena/Documents/IB/project_opsins/diversity_of_opsins_in_amphipods/PIA3/test_out/benchmarks/pia_Parhyale_hawaiensis_test.txt
    wildcards: out_dir=/home/alena/Documents/IB/project_opsins/diversity_of_opsins_in_amphipods/PIA3/test_out, reference=Parhyale_hawaiensis_test
    threads: 8

Activating conda environment: /home/alena/Apps/PIA3_conda/43b82d8a
[Mon Aug 17 16:42:44 2020]
Finished job 2.
2 of 4 steps (50%) done

[Mon Aug 17 16:42:44 2020]
rule pia_analysis:
    input: /home/alena/Documents/IB/project_opsins/diversity_of_opsins_in_amphipods/PIA3/test_data/header.fasta, /home/alena/Documents/IB/project_opsins/diversity_of_opsins_in_amphipods/PIA3/test_out/class_align.fasta.contree
    output: /home/alena/Documents/IB/project_opsins/diversity_of_opsins_in_amphipods/PIA3/test_out/header
    log: /home/alena/Documents/IB/project_opsins/diversity_of_opsins_in_amphipods/PIA3/test_out/logs/pia_header.txt
    jobid: 1
    benchmark: /home/alena/Documents/IB/project_opsins/diversity_of_opsins_in_amphipods/PIA3/test_out/benchmarks/pia_header.txt
    wildcards: out_dir=/home/alena/Documents/IB/project_opsins/diversity_of_opsins_in_amphipods/PIA3/test_out, reference=header
    threads: 8

Activating conda environment: /home/alena/Apps/PIA3_conda/43b82d8a
[Mon Aug 17 16:46:33 2020]
Finished job 1.
3 of 4 steps (75%) done

[Mon Aug 17 16:46:33 2020]
localrule all:
    input: /home/alena/Documents/IB/project_opsins/diversity_of_opsins_in_amphipods/PIA3/test_out/header, /home/alena/Documents/IB/project_opsins/diversity_of_opsins_in_amphipods/PIA3/test_out/Parhyale_hawaiensis_test
    jobid: 0

[Mon Aug 17 16:46:33 2020]
Finished job 0.
4 of 4 steps (100%) done
Complete log: /home/alena/Documents/IB/project_opsins/diversity_of_opsins_in_amphipods/PIA3/.snakemake/log/2020-08-17T163318.659147.snakemake.log
