Building DAG of jobs...
Using shell: /bin/bash
Provided cores: 8
Rules claiming more threads will be scaled down.
Job counts:
	count	jobs
	1	all
	1	build_initial_tree
	1	pia_analysis
	3

[Mon Oct 12 23:30:33 2020]
rule build_initial_tree:
    output: /home/alena/Documents/IB/project_opsins/pia3_test/class_align.fasta, /home/alena/Documents/IB/project_opsins/pia3_test/class_align.fasta.contree
    log: /home/alena/Documents/IB/project_opsins/pia3_test/logs/build_initial_tree.txt
    jobid: 2
    benchmark: /home/alena/Documents/IB/project_opsins/pia3_test/benchmarks/build_initial_tree.txt
    wildcards: out_dir=/home/alena/Documents/IB/project_opsins/pia3_test
    threads: 8

Activating conda environment: /home/alena/Apps/PIA3_conda/43b82d8a
[Mon Oct 12 23:33:23 2020]
Finished job 2.
1 of 3 steps (33%) done

[Mon Oct 12 23:33:23 2020]
rule pia_analysis:
    input: /home/alena/Documents/IB/project_opsins/pia3_test/GDUJ01.1.fasta, /home/alena/Documents/IB/project_opsins/pia3_test/class_align.fasta.contree
    output: /home/alena/Documents/IB/project_opsins/pia3_test/GDUJ01.1
    log: /home/alena/Documents/IB/project_opsins/pia3_test/logs/pia_GDUJ01.1.txt
    jobid: 1
    benchmark: /home/alena/Documents/IB/project_opsins/pia3_test/benchmarks/pia_GDUJ01.1.txt
    wildcards: out_dir=/home/alena/Documents/IB/project_opsins/pia3_test, reference=GDUJ01.1
    threads: 8

Activating conda environment: /home/alena/Apps/PIA3_conda/43b82d8a
[Mon Oct 12 23:49:12 2020]
Finished job 1.
2 of 3 steps (67%) done

[Mon Oct 12 23:49:12 2020]
localrule all:
    input: /home/alena/Documents/IB/project_opsins/pia3_test/GDUJ01.1
    jobid: 0

[Mon Oct 12 23:49:12 2020]
Finished job 0.
3 of 3 steps (100%) done
Complete log: /home/alena/Documents/IB/project_opsins/diversity_of_opsins_in_amphipods/PIA3/.snakemake/log/2020-10-12T233033.797838.snakemake.log
