Building DAG of jobs...
Using shell: /bin/bash
Provided cores: 8
Rules claiming more threads will be scaled down.
Job counts:
	count	jobs
	1	all
	1	build_initial_tree
	1	pia_analysis
	3

[Fri Aug 21 14:23:51 2020]
rule build_initial_tree:
    output: /home/alena/Documents/IB/project_opsins/diversity_of_opsins_in_amphipods/PIA3/test_out/class_align.fasta, /home/alena/Documents/IB/project_opsins/diversity_of_opsins_in_amphipods/PIA3/test_out/class_align.fasta.contree
    log: /home/alena/Documents/IB/project_opsins/diversity_of_opsins_in_amphipods/PIA3/test_out/logs/build_initial_tree.txt
    jobid: 2
    benchmark: /home/alena/Documents/IB/project_opsins/diversity_of_opsins_in_amphipods/PIA3/test_out/benchmarks/build_initial_tree.txt
    wildcards: out_dir=/home/alena/Documents/IB/project_opsins/diversity_of_opsins_in_amphipods/PIA3/test_out
    threads: 8

Activating conda environment: /home/alena/Apps/PIA3_conda/43b82d8a
[Fri Aug 21 14:27:14 2020]
Finished job 2.
1 of 3 steps (33%) done

[Fri Aug 21 14:27:14 2020]
rule pia_analysis:
    input: /home/alena/Documents/IB/project_opsins/diversity_of_opsins_in_amphipods/PIA3/test_data/test_Hyalella_azteca.fasta, /home/alena/Documents/IB/project_opsins/diversity_of_opsins_in_amphipods/PIA3/test_out/class_align.fasta.contree
    output: /home/alena/Documents/IB/project_opsins/diversity_of_opsins_in_amphipods/PIA3/test_out/test_Hyalella_azteca
    log: /home/alena/Documents/IB/project_opsins/diversity_of_opsins_in_amphipods/PIA3/test_out/logs/pia_test_Hyalella_azteca.txt
    jobid: 1
    benchmark: /home/alena/Documents/IB/project_opsins/diversity_of_opsins_in_amphipods/PIA3/test_out/benchmarks/pia_test_Hyalella_azteca.txt
    wildcards: out_dir=/home/alena/Documents/IB/project_opsins/diversity_of_opsins_in_amphipods/PIA3/test_out, reference=test_Hyalella_azteca
    threads: 8

Activating conda environment: /home/alena/Apps/PIA3_conda/43b82d8a
[Fri Aug 21 14:28:22 2020]
Error in rule pia_analysis:
    jobid: 1
    output: /home/alena/Documents/IB/project_opsins/diversity_of_opsins_in_amphipods/PIA3/test_out/test_Hyalella_azteca
    log: /home/alena/Documents/IB/project_opsins/diversity_of_opsins_in_amphipods/PIA3/test_out/logs/pia_test_Hyalella_azteca.txt (check log file(s) for error message)
    conda-env: /home/alena/Apps/PIA3_conda/43b82d8a
    shell:
        python3 PIA3.py -i /home/alena/Documents/IB/project_opsins/diversity_of_opsins_in_amphipods/PIA3/test_data/test_Hyalella_azteca.fasta -o /home/alena/Documents/IB/project_opsins/diversity_of_opsins_in_amphipods/PIA3/test_out/test_Hyalella_azteca -db /home/alena/Documents/IB/project_opsins/diversity_of_opsins_in_amphipods/PIA3/classification_opsins_full_aa.fasta -in_phylo /home/alena/Documents/IB/project_opsins/diversity_of_opsins_in_amphipods/PIA3/test_out/class_align.fasta.contree -model LG+F+G4 -outgroup RHO_Bos_taurus_AAA30674.1 -aligner diamond --cds --opsin 2> /home/alena/Documents/IB/project_opsins/diversity_of_opsins_in_amphipods/PIA3/test_out/logs/pia_test_Hyalella_azteca.txt
        (one of the commands exited with non-zero exit code; note that snakemake uses bash strict mode!)

Removing output files of failed job pia_analysis since they might be corrupted:
/home/alena/Documents/IB/project_opsins/diversity_of_opsins_in_amphipods/PIA3/test_out/test_Hyalella_azteca
Shutting down, this might take some time.
Exiting because a job execution failed. Look above for error message
Complete log: /home/alena/Documents/IB/project_opsins/diversity_of_opsins_in_amphipods/PIA3/.snakemake/log/2020-08-21T142351.634704.snakemake.log
