Building DAG of jobs...
Using shell: /bin/bash
Provided cores: 8
Rules claiming more threads will be scaled down.
Job counts:
	count	jobs
	1	all
	1	build_initial_tree
	1	pia_analysis
	3

[Mon Aug 17 20:09:31 2020]
rule build_initial_tree:
    output: /home/alena/Documents/IB/project_opsins/diversity_of_opsins_in_amphipods/PIA3/test_out/class_align.fasta, /home/alena/Documents/IB/project_opsins/diversity_of_opsins_in_amphipods/PIA3/test_out/class_align.fasta.contree
    log: /home/alena/Documents/IB/project_opsins/diversity_of_opsins_in_amphipods/PIA3/test_out/logs/build_initial_tree.txt
    jobid: 2
    benchmark: /home/alena/Documents/IB/project_opsins/diversity_of_opsins_in_amphipods/PIA3/test_out/benchmarks/build_initial_tree.txt
    wildcards: out_dir=/home/alena/Documents/IB/project_opsins/diversity_of_opsins_in_amphipods/PIA3/test_out
    threads: 8

Activating conda environment: /home/alena/Apps/PIA3_conda/43b82d8a
[Mon Aug 17 20:13:11 2020]
Finished job 2.
1 of 3 steps (33%) done

[Mon Aug 17 20:13:11 2020]
rule pia_analysis:
    input: /home/alena/Documents/IB/project_opsins/diversity_of_opsins_in_amphipods/PIA3/test_data/Parhyale_hawaiensis_m.fasta, /home/alena/Documents/IB/project_opsins/diversity_of_opsins_in_amphipods/PIA3/test_out/class_align.fasta.contree
    output: /home/alena/Documents/IB/project_opsins/diversity_of_opsins_in_amphipods/PIA3/test_out/Parhyale_hawaiensis_m
    log: /home/alena/Documents/IB/project_opsins/diversity_of_opsins_in_amphipods/PIA3/test_out/logs/pia_Parhyale_hawaiensis_m.txt
    jobid: 1
    benchmark: /home/alena/Documents/IB/project_opsins/diversity_of_opsins_in_amphipods/PIA3/test_out/benchmarks/pia_Parhyale_hawaiensis_m.txt
    wildcards: out_dir=/home/alena/Documents/IB/project_opsins/diversity_of_opsins_in_amphipods/PIA3/test_out, reference=Parhyale_hawaiensis_m
    threads: 8

Activating conda environment: /home/alena/Apps/PIA3_conda/43b82d8a
[Mon Aug 17 20:13:13 2020]
Error in rule pia_analysis:
    jobid: 1
    output: /home/alena/Documents/IB/project_opsins/diversity_of_opsins_in_amphipods/PIA3/test_out/Parhyale_hawaiensis_m
    log: /home/alena/Documents/IB/project_opsins/diversity_of_opsins_in_amphipods/PIA3/test_out/logs/pia_Parhyale_hawaiensis_m.txt (check log file(s) for error message)
    conda-env: /home/alena/Apps/PIA3_conda/43b82d8a
    shell:
        python3 PIA3.py -i /home/alena/Documents/IB/project_opsins/diversity_of_opsins_in_amphipods/PIA3/test_data/Parhyale_hawaiensis_m.fasta -o /home/alena/Documents/IB/project_opsins/diversity_of_opsins_in_amphipods/PIA3/test_out/Parhyale_hawaiensis_m -db /home/alena/Documents/IB/project_opsins/diversity_of_opsins_in_amphipods/PIA3/classification_opsins_full_aa.fasta -in_phylo /home/alena/Documents/IB/project_opsins/diversity_of_opsins_in_amphipods/PIA3/test_out/class_align.fasta.contree --cds 2> /home/alena/Documents/IB/project_opsins/diversity_of_opsins_in_amphipods/PIA3/test_out/logs/pia_Parhyale_hawaiensis_m.txt
        (one of the commands exited with non-zero exit code; note that snakemake uses bash strict mode!)

Shutting down, this might take some time.
Exiting because a job execution failed. Look above for error message
Complete log: /home/alena/Documents/IB/project_opsins/diversity_of_opsins_in_amphipods/PIA3/.snakemake/log/2020-08-17T200931.604595.snakemake.log
